2021-12-01 20:51:11.844 [main] INFO  com.aiblogserver.AiBlogServerApplication - Starting AiBlogServerApplication using Java 16.0.1 on localhost with PID 26529 (/Users/aihongfei/IdeaProjects/AiBlog/AiBlog-Server/target/classes started by aihongfei in /Users/aihongfei/IdeaProjects/AiBlog)
2021-12-01 20:51:11.851 [main] INFO  com.aiblogserver.AiBlogServerApplication - No active profile set, falling back to default profiles: default
2021-12-01 20:51:12.910 [main] INFO  o.s.d.r.config.RepositoryConfigurationDelegate - Multiple Spring Data modules found, entering strict repository configuration mode!
2021-12-01 20:51:12.914 [main] INFO  o.s.d.r.config.RepositoryConfigurationDelegate - Bootstrapping Spring Data Redis repositories in DEFAULT mode.
2021-12-01 20:51:12.940 [main] INFO  o.s.d.r.config.RepositoryConfigurationDelegate - Finished Spring Data repository scanning in 16 ms. Found 0 Redis repository interfaces.
2021-12-01 20:51:13.525 [main] INFO  o.s.boot.web.embedded.tomcat.TomcatWebServer - Tomcat initialized with port(s): 8888 (https)
2021-12-01 20:51:13.533 [main] INFO  org.apache.coyote.http11.Http11NioProtocol - Initializing ProtocolHandler ["https-jsse-nio-8888"]
2021-12-01 20:51:13.533 [main] INFO  org.apache.catalina.core.StandardService - Starting service [Tomcat]
2021-12-01 20:51:13.533 [main] INFO  org.apache.catalina.core.StandardEngine - Starting Servlet engine: [Apache Tomcat/9.0.53]
2021-12-01 20:51:13.605 [main] INFO  o.a.c.core.ContainerBase.[Tomcat].[localhost].[/] - Initializing Spring embedded WebApplicationContext
2021-12-01 20:51:13.606 [main] INFO  o.s.b.w.s.c.ServletWebServerApplicationContext - Root WebApplicationContext: initialization completed in 1630 ms
2021-12-01 20:51:14.457 [main] INFO  s.d.s.w.PropertySourcedRequestMappingHandlerMapping - Mapped URL path [/v2/api-docs] onto method [springfox.documentation.swagger2.web.Swagger2Controller#getDocumentation(String, HttpServletRequest)]
2021-12-01 20:51:14.857 [main] INFO  org.apache.coyote.http11.Http11NioProtocol - Starting ProtocolHandler ["https-jsse-nio-8888"]
2021-12-01 20:51:15.088 [main] INFO  o.s.boot.web.embedded.tomcat.TomcatWebServer - Tomcat started on port(s): 8888 (https) with context path ''
2021-12-01 20:51:15.092 [main] INFO  s.d.s.web.plugins.DocumentationPluginsBootstrapper - Context refreshed
2021-12-01 20:51:15.099 [main] INFO  s.d.s.web.plugins.DocumentationPluginsBootstrapper - Found 1 custom documentation plugin(s)
2021-12-01 20:51:15.122 [main] INFO  s.d.spring.web.scanners.ApiListingReferenceScanner - Scanning for api listing references
2021-12-01 20:51:15.982 [main] INFO  s.d.s.w.r.operation.CachingOperationNameGenerator - Generating unique operation named: deleteUsingGET_1
2021-12-01 20:51:16.025 [main] INFO  s.d.s.w.r.operation.CachingOperationNameGenerator - Generating unique operation named: selectOneUsingGET_1
2021-12-01 20:51:16.047 [main] INFO  s.d.s.w.r.operation.CachingOperationNameGenerator - Generating unique operation named: updateUsingPOST_1
2021-12-01 20:51:16.092 [main] INFO  s.d.s.w.r.operation.CachingOperationNameGenerator - Generating unique operation named: deleteUsingGET_2
2021-12-01 20:51:16.111 [main] INFO  s.d.s.w.r.operation.CachingOperationNameGenerator - Generating unique operation named: insertUsingPOST_1
2021-12-01 20:51:16.169 [main] INFO  s.d.s.w.r.operation.CachingOperationNameGenerator - Generating unique operation named: searchUsingGET_1
2021-12-01 20:51:16.187 [main] INFO  s.d.s.w.r.operation.CachingOperationNameGenerator - Generating unique operation named: selectOneUsingGET_2
2021-12-01 20:51:16.210 [main] INFO  s.d.s.w.r.operation.CachingOperationNameGenerator - Generating unique operation named: updateUsingPOST_2
2021-12-01 20:51:16.267 [main] INFO  s.d.s.w.r.operation.CachingOperationNameGenerator - Generating unique operation named: deleteUsingGET_3
2021-12-01 20:51:16.292 [main] INFO  s.d.s.w.r.operation.CachingOperationNameGenerator - Generating unique operation named: insertUsingPOST_2
2021-12-01 20:51:16.321 [main] INFO  s.d.s.w.r.operation.CachingOperationNameGenerator - Generating unique operation named: queryallUsingGET_1
2021-12-01 20:51:16.353 [main] INFO  s.d.s.w.r.operation.CachingOperationNameGenerator - Generating unique operation named: searchUsingGET_2
2021-12-01 20:51:16.376 [main] INFO  s.d.s.w.r.operation.CachingOperationNameGenerator - Generating unique operation named: selectOneUsingGET_3
2021-12-01 20:51:16.396 [main] INFO  s.d.s.w.r.operation.CachingOperationNameGenerator - Generating unique operation named: updateUsingPOST_3
2021-12-01 20:51:16.423 [main] INFO  com.aiblogserver.AiBlogServerApplication - Started AiBlogServerApplication in 5.103 seconds (JVM running for 6.143)
2021-12-01 20:52:49.930 [main] INFO  com.aiblogserver.AiBlogServerApplication - Starting AiBlogServerApplication using Java 16.0.1 on localhost with PID 26551 (/Users/aihongfei/IdeaProjects/AiBlog/AiBlog-Server/target/classes started by aihongfei in /Users/aihongfei/IdeaProjects/AiBlog)
2021-12-01 20:52:49.932 [main] INFO  com.aiblogserver.AiBlogServerApplication - No active profile set, falling back to default profiles: default
2021-12-01 20:52:50.962 [main] INFO  o.s.d.r.config.RepositoryConfigurationDelegate - Multiple Spring Data modules found, entering strict repository configuration mode!
2021-12-01 20:52:50.968 [main] INFO  o.s.d.r.config.RepositoryConfigurationDelegate - Bootstrapping Spring Data Redis repositories in DEFAULT mode.
2021-12-01 20:52:51.019 [main] INFO  o.s.d.r.config.RepositoryConfigurationDelegate - Finished Spring Data repository scanning in 28 ms. Found 0 Redis repository interfaces.
2021-12-01 20:52:51.824 [main] INFO  o.s.boot.web.embedded.tomcat.TomcatWebServer - Tomcat initialized with port(s): 8888 (https)
2021-12-01 20:52:51.833 [main] INFO  org.apache.coyote.http11.Http11NioProtocol - Initializing ProtocolHandler ["https-jsse-nio-8888"]
2021-12-01 20:52:51.834 [main] INFO  org.apache.catalina.core.StandardService - Starting service [Tomcat]
2021-12-01 20:52:51.834 [main] INFO  org.apache.catalina.core.StandardEngine - Starting Servlet engine: [Apache Tomcat/9.0.53]
2021-12-01 20:52:51.903 [main] INFO  o.a.c.core.ContainerBase.[Tomcat].[localhost].[/] - Initializing Spring embedded WebApplicationContext
2021-12-01 20:52:51.904 [main] INFO  o.s.b.w.s.c.ServletWebServerApplicationContext - Root WebApplicationContext: initialization completed in 1903 ms
2021-12-01 20:52:52.850 [main] INFO  s.d.s.w.PropertySourcedRequestMappingHandlerMapping - Mapped URL path [/v2/api-docs] onto method [springfox.documentation.swagger2.web.Swagger2Controller#getDocumentation(String, HttpServletRequest)]
2021-12-01 20:52:53.437 [main] INFO  o.s.boot.web.embedded.tomcat.TomcatWebServer - Tomcat started on port(s): 8888 (https) with context path ''
2021-12-01 20:52:53.440 [main] INFO  s.d.s.web.plugins.DocumentationPluginsBootstrapper - Context refreshed
2021-12-01 20:52:53.450 [main] INFO  s.d.s.web.plugins.DocumentationPluginsBootstrapper - Found 1 custom documentation plugin(s)
2021-12-01 20:52:53.472 [main] INFO  s.d.spring.web.scanners.ApiListingReferenceScanner - Scanning for api listing references
2021-12-01 20:52:55.051 [main] INFO  s.d.s.w.r.operation.CachingOperationNameGenerator - Generating unique operation named: deleteUsingGET_1
2021-12-01 20:52:55.173 [main] INFO  s.d.s.w.r.operation.CachingOperationNameGenerator - Generating unique operation named: selectOneUsingGET_1
2021-12-01 20:52:55.252 [main] INFO  s.d.s.w.r.operation.CachingOperationNameGenerator - Generating unique operation named: updateUsingPOST_1
2021-12-01 20:52:55.537 [main] INFO  s.d.s.w.r.operation.CachingOperationNameGenerator - Generating unique operation named: deleteUsingGET_2
2021-12-01 20:52:55.599 [main] INFO  s.d.s.w.r.operation.CachingOperationNameGenerator - Generating unique operation named: insertUsingPOST_1
2021-12-01 20:52:55.752 [main] INFO  s.d.s.w.r.operation.CachingOperationNameGenerator - Generating unique operation named: searchUsingGET_1
2021-12-01 20:52:55.786 [main] INFO  s.d.s.w.r.operation.CachingOperationNameGenerator - Generating unique operation named: selectOneUsingGET_2
2021-12-01 20:52:55.820 [main] INFO  s.d.s.w.r.operation.CachingOperationNameGenerator - Generating unique operation named: updateUsingPOST_2
2021-12-01 20:52:55.888 [main] INFO  s.d.s.w.r.operation.CachingOperationNameGenerator - Generating unique operation named: deleteUsingGET_3
2021-12-01 20:52:55.917 [main] INFO  s.d.s.w.r.operation.CachingOperationNameGenerator - Generating unique operation named: insertUsingPOST_2
2021-12-01 20:52:55.958 [main] INFO  s.d.s.w.r.operation.CachingOperationNameGenerator - Generating unique operation named: queryallUsingGET_1
2021-12-01 20:52:55.989 [main] INFO  s.d.s.w.r.operation.CachingOperationNameGenerator - Generating unique operation named: searchUsingGET_2
2021-12-01 20:52:56.019 [main] INFO  s.d.s.w.r.operation.CachingOperationNameGenerator - Generating unique operation named: selectOneUsingGET_3
2021-12-01 20:52:56.041 [main] INFO  s.d.s.w.r.operation.CachingOperationNameGenerator - Generating unique operation named: updateUsingPOST_3
2021-12-01 20:52:56.085 [main] INFO  com.aiblogserver.AiBlogServerApplication - Started AiBlogServerApplication in 6.744 seconds (JVM running for 7.728)
2021-12-01 20:53:08.676 [main] INFO  com.aiblogserver.AiBlogServerApplication - Starting AiBlogServerApplication using Java 16.0.1 on localhost with PID 26567 (/Users/aihongfei/IdeaProjects/AiBlog/AiBlog-Server/target/classes started by aihongfei in /Users/aihongfei/IdeaProjects/AiBlog)
2021-12-01 20:53:08.678 [main] INFO  com.aiblogserver.AiBlogServerApplication - No active profile set, falling back to default profiles: default
2021-12-01 20:53:09.676 [main] INFO  o.s.d.r.config.RepositoryConfigurationDelegate - Multiple Spring Data modules found, entering strict repository configuration mode!
2021-12-01 20:53:09.680 [main] INFO  o.s.d.r.config.RepositoryConfigurationDelegate - Bootstrapping Spring Data Redis repositories in DEFAULT mode.
2021-12-01 20:53:09.713 [main] INFO  o.s.d.r.config.RepositoryConfigurationDelegate - Finished Spring Data repository scanning in 19 ms. Found 0 Redis repository interfaces.
2021-12-01 20:53:10.209 [main] INFO  o.s.boot.web.embedded.tomcat.TomcatWebServer - Tomcat initialized with port(s): 8888 (https)
2021-12-01 20:53:10.214 [main] INFO  org.apache.coyote.http11.Http11NioProtocol - Initializing ProtocolHandler ["https-jsse-nio-8888"]
2021-12-01 20:53:10.215 [main] INFO  org.apache.catalina.core.StandardService - Starting service [Tomcat]
2021-12-01 20:53:10.215 [main] INFO  org.apache.catalina.core.StandardEngine - Starting Servlet engine: [Apache Tomcat/9.0.53]
2021-12-01 20:53:10.265 [main] INFO  o.a.c.core.ContainerBase.[Tomcat].[localhost].[/] - Initializing Spring embedded WebApplicationContext
2021-12-01 20:53:10.265 [main] INFO  o.s.b.w.s.c.ServletWebServerApplicationContext - Root WebApplicationContext: initialization completed in 1509 ms
2021-12-01 20:53:11.013 [main] INFO  s.d.s.w.PropertySourcedRequestMappingHandlerMapping - Mapped URL path [/v2/api-docs] onto method [springfox.documentation.swagger2.web.Swagger2Controller#getDocumentation(String, HttpServletRequest)]
2021-12-01 20:53:11.381 [main] INFO  org.apache.coyote.http11.Http11NioProtocol - Starting ProtocolHandler ["https-jsse-nio-8888"]
2021-12-01 20:53:11.581 [main] INFO  o.s.boot.web.embedded.tomcat.TomcatWebServer - Tomcat started on port(s): 8888 (https) with context path ''
2021-12-01 20:53:11.585 [main] INFO  s.d.s.web.plugins.DocumentationPluginsBootstrapper - Context refreshed
2021-12-01 20:53:11.593 [main] INFO  s.d.s.web.plugins.DocumentationPluginsBootstrapper - Found 1 custom documentation plugin(s)
2021-12-01 20:53:11.618 [main] INFO  s.d.spring.web.scanners.ApiListingReferenceScanner - Scanning for api listing references
2021-12-01 20:53:12.563 [main] INFO  s.d.s.w.r.operation.CachingOperationNameGenerator - Generating unique operation named: deleteUsingGET_1
2021-12-01 20:53:12.620 [main] INFO  s.d.s.w.r.operation.CachingOperationNameGenerator - Generating unique operation named: selectOneUsingGET_1
2021-12-01 20:53:12.649 [main] INFO  s.d.s.w.r.operation.CachingOperationNameGenerator - Generating unique operation named: updateUsingPOST_1
2021-12-01 20:53:12.704 [main] INFO  s.d.s.w.r.operation.CachingOperationNameGenerator - Generating unique operation named: deleteUsingGET_2
2021-12-01 20:53:12.733 [main] INFO  s.d.s.w.r.operation.CachingOperationNameGenerator - Generating unique operation named: insertUsingPOST_1
2021-12-01 20:53:12.801 [main] INFO  s.d.s.w.r.operation.CachingOperationNameGenerator - Generating unique operation named: searchUsingGET_1
2021-12-01 20:53:12.822 [main] INFO  s.d.s.w.r.operation.CachingOperationNameGenerator - Generating unique operation named: selectOneUsingGET_2
2021-12-01 20:53:12.841 [main] INFO  s.d.s.w.r.operation.CachingOperationNameGenerator - Generating unique operation named: updateUsingPOST_2
2021-12-01 20:53:12.886 [main] INFO  s.d.s.w.r.operation.CachingOperationNameGenerator - Generating unique operation named: deleteUsingGET_3
2021-12-01 20:53:12.904 [main] INFO  s.d.s.w.r.operation.CachingOperationNameGenerator - Generating unique operation named: insertUsingPOST_2
2021-12-01 20:53:12.927 [main] INFO  s.d.s.w.r.operation.CachingOperationNameGenerator - Generating unique operation named: queryallUsingGET_1
2021-12-01 20:53:12.948 [main] INFO  s.d.s.w.r.operation.CachingOperationNameGenerator - Generating unique operation named: searchUsingGET_2
2021-12-01 20:53:12.965 [main] INFO  s.d.s.w.r.operation.CachingOperationNameGenerator - Generating unique operation named: selectOneUsingGET_3
2021-12-01 20:53:12.980 [main] INFO  s.d.s.w.r.operation.CachingOperationNameGenerator - Generating unique operation named: updateUsingPOST_3
2021-12-01 20:53:13.003 [main] INFO  com.aiblogserver.AiBlogServerApplication - Started AiBlogServerApplication in 4.824 seconds (JVM running for 5.728)
2021-12-01 20:53:26.873 [main] INFO  com.aiblogserver.AiBlogServerApplication - Starting AiBlogServerApplication using Java 16.0.1 on localhost with PID 26572 (/Users/aihongfei/IdeaProjects/AiBlog/AiBlog-Server/target/classes started by aihongfei in /Users/aihongfei/IdeaProjects/AiBlog)
2021-12-01 20:53:26.875 [main] INFO  com.aiblogserver.AiBlogServerApplication - No active profile set, falling back to default profiles: default
2021-12-01 20:53:27.834 [main] INFO  o.s.d.r.config.RepositoryConfigurationDelegate - Multiple Spring Data modules found, entering strict repository configuration mode!
2021-12-01 20:53:27.837 [main] INFO  o.s.d.r.config.RepositoryConfigurationDelegate - Bootstrapping Spring Data Redis repositories in DEFAULT mode.
2021-12-01 20:53:27.864 [main] INFO  o.s.d.r.config.RepositoryConfigurationDelegate - Finished Spring Data repository scanning in 16 ms. Found 0 Redis repository interfaces.
2021-12-01 20:53:28.343 [main] INFO  o.s.boot.web.embedded.tomcat.TomcatWebServer - Tomcat initialized with port(s): 8888 (https)
2021-12-01 20:53:28.349 [main] INFO  org.apache.coyote.http11.Http11NioProtocol - Initializing ProtocolHandler ["https-jsse-nio-8888"]
2021-12-01 20:53:28.349 [main] INFO  org.apache.catalina.core.StandardService - Starting service [Tomcat]
2021-12-01 20:53:28.349 [main] INFO  org.apache.catalina.core.StandardEngine - Starting Servlet engine: [Apache Tomcat/9.0.53]
2021-12-01 20:53:28.399 [main] INFO  o.a.c.core.ContainerBase.[Tomcat].[localhost].[/] - Initializing Spring embedded WebApplicationContext
2021-12-01 20:53:28.399 [main] INFO  o.s.b.w.s.c.ServletWebServerApplicationContext - Root WebApplicationContext: initialization completed in 1449 ms
2021-12-01 20:53:29.144 [main] INFO  s.d.s.w.PropertySourcedRequestMappingHandlerMapping - Mapped URL path [/v2/api-docs] onto method [springfox.documentation.swagger2.web.Swagger2Controller#getDocumentation(String, HttpServletRequest)]
2021-12-01 20:53:29.504 [main] INFO  org.apache.coyote.http11.Http11NioProtocol - Starting ProtocolHandler ["https-jsse-nio-8888"]
2021-12-01 20:53:29.683 [main] INFO  o.s.boot.web.embedded.tomcat.TomcatWebServer - Tomcat started on port(s): 8888 (https) with context path ''
2021-12-01 20:53:29.687 [main] INFO  s.d.s.web.plugins.DocumentationPluginsBootstrapper - Context refreshed
2021-12-01 20:53:29.695 [main] INFO  s.d.s.web.plugins.DocumentationPluginsBootstrapper - Found 1 custom documentation plugin(s)
2021-12-01 20:53:29.718 [main] INFO  s.d.spring.web.scanners.ApiListingReferenceScanner - Scanning for api listing references
2021-12-01 20:53:30.494 [main] INFO  s.d.s.w.r.operation.CachingOperationNameGenerator - Generating unique operation named: deleteUsingGET_1
2021-12-01 20:53:30.535 [main] INFO  s.d.s.w.r.operation.CachingOperationNameGenerator - Generating unique operation named: selectOneUsingGET_1
2021-12-01 20:53:30.556 [main] INFO  s.d.s.w.r.operation.CachingOperationNameGenerator - Generating unique operation named: updateUsingPOST_1
2021-12-01 20:53:30.601 [main] INFO  s.d.s.w.r.operation.CachingOperationNameGenerator - Generating unique operation named: deleteUsingGET_2
2021-12-01 20:53:30.619 [main] INFO  s.d.s.w.r.operation.CachingOperationNameGenerator - Generating unique operation named: insertUsingPOST_1
2021-12-01 20:53:30.680 [main] INFO  s.d.s.w.r.operation.CachingOperationNameGenerator - Generating unique operation named: searchUsingGET_1
2021-12-01 20:53:30.698 [main] INFO  s.d.s.w.r.operation.CachingOperationNameGenerator - Generating unique operation named: selectOneUsingGET_2
2021-12-01 20:53:30.720 [main] INFO  s.d.s.w.r.operation.CachingOperationNameGenerator - Generating unique operation named: updateUsingPOST_2
2021-12-01 20:53:30.770 [main] INFO  s.d.s.w.r.operation.CachingOperationNameGenerator - Generating unique operation named: deleteUsingGET_3
2021-12-01 20:53:30.791 [main] INFO  s.d.s.w.r.operation.CachingOperationNameGenerator - Generating unique operation named: insertUsingPOST_2
2021-12-01 20:53:30.814 [main] INFO  s.d.s.w.r.operation.CachingOperationNameGenerator - Generating unique operation named: queryallUsingGET_1
2021-12-01 20:53:30.837 [main] INFO  s.d.s.w.r.operation.CachingOperationNameGenerator - Generating unique operation named: searchUsingGET_2
2021-12-01 20:53:30.853 [main] INFO  s.d.s.w.r.operation.CachingOperationNameGenerator - Generating unique operation named: selectOneUsingGET_3
2021-12-01 20:53:30.869 [main] INFO  s.d.s.w.r.operation.CachingOperationNameGenerator - Generating unique operation named: updateUsingPOST_3
2021-12-01 20:53:30.892 [main] INFO  com.aiblogserver.AiBlogServerApplication - Started AiBlogServerApplication in 4.519 seconds (JVM running for 5.283)
2021-12-01 20:53:41.847 [https-jsse-nio-8888-exec-2] INFO  o.a.c.core.ContainerBase.[Tomcat].[localhost].[/] - Initializing Spring DispatcherServlet 'dispatcherServlet'
2021-12-01 20:53:41.849 [https-jsse-nio-8888-exec-2] INFO  org.springframework.web.servlet.DispatcherServlet - Initializing Servlet 'dispatcherServlet'
2021-12-01 20:53:41.851 [https-jsse-nio-8888-exec-2] INFO  org.springframework.web.servlet.DispatcherServlet - Completed initialization in 2 ms
2021-12-01 20:53:49.251 [https-jsse-nio-8888-exec-6] INFO  com.aiblogserver.controller.BlogController - 查询全部数据;pageNum = 1;pageSize = 9
2021-12-01 20:53:49.323 [https-jsse-nio-8888-exec-6] INFO  com.alibaba.druid.pool.DruidDataSource - {dataSource-1} inited
2021-12-01 20:55:07.228 [https-jsse-nio-8888-exec-5] INFO  com.aiblogserver.controller.AdminController - 访问 username = admin;password = admin
2021-12-01 20:57:32.433 [SpringApplicationShutdownHook] INFO  com.alibaba.druid.pool.DruidDataSource - {dataSource-1} closed
2021-12-01 21:01:23.271 [main] INFO  com.aiblogserver.AiBlogServerApplication - Starting AiBlogServerApplication using Java 16.0.1 on localhost with PID 26683 (/Users/aihongfei/IdeaProjects/AiBlog/AiBlog-Server/target/classes started by aihongfei in /Users/aihongfei/IdeaProjects/AiBlog)
2021-12-01 21:01:23.273 [main] INFO  com.aiblogserver.AiBlogServerApplication - No active profile set, falling back to default profiles: default
2021-12-01 21:01:24.244 [main] INFO  o.s.d.r.config.RepositoryConfigurationDelegate - Multiple Spring Data modules found, entering strict repository configuration mode!
2021-12-01 21:01:24.248 [main] INFO  o.s.d.r.config.RepositoryConfigurationDelegate - Bootstrapping Spring Data Redis repositories in DEFAULT mode.
2021-12-01 21:01:24.273 [main] INFO  o.s.d.r.config.RepositoryConfigurationDelegate - Finished Spring Data repository scanning in 14 ms. Found 0 Redis repository interfaces.
2021-12-01 21:01:24.746 [main] INFO  o.s.boot.web.embedded.tomcat.TomcatWebServer - Tomcat initialized with port(s): 8888 (https)
2021-12-01 21:01:24.751 [main] INFO  org.apache.coyote.http11.Http11NioProtocol - Initializing ProtocolHandler ["https-jsse-nio-8888"]
2021-12-01 21:01:24.752 [main] INFO  org.apache.catalina.core.StandardService - Starting service [Tomcat]
2021-12-01 21:01:24.752 [main] INFO  org.apache.catalina.core.StandardEngine - Starting Servlet engine: [Apache Tomcat/9.0.53]
2021-12-01 21:01:24.800 [main] INFO  o.a.c.core.ContainerBase.[Tomcat].[localhost].[/] - Initializing Spring embedded WebApplicationContext
2021-12-01 21:01:24.801 [main] INFO  o.s.b.w.s.c.ServletWebServerApplicationContext - Root WebApplicationContext: initialization completed in 1451 ms
2021-12-01 21:01:25.530 [main] INFO  s.d.s.w.PropertySourcedRequestMappingHandlerMapping - Mapped URL path [/v2/api-docs] onto method [springfox.documentation.swagger2.web.Swagger2Controller#getDocumentation(String, HttpServletRequest)]
2021-12-01 21:01:25.905 [main] INFO  org.apache.coyote.http11.Http11NioProtocol - Starting ProtocolHandler ["https-jsse-nio-8888"]
2021-12-01 21:01:26.097 [main] INFO  o.s.boot.web.embedded.tomcat.TomcatWebServer - Tomcat started on port(s): 8888 (https) with context path ''
2021-12-01 21:01:26.100 [main] INFO  s.d.s.web.plugins.DocumentationPluginsBootstrapper - Context refreshed
2021-12-01 21:01:26.107 [main] INFO  s.d.s.web.plugins.DocumentationPluginsBootstrapper - Found 1 custom documentation plugin(s)
2021-12-01 21:01:26.128 [main] INFO  s.d.spring.web.scanners.ApiListingReferenceScanner - Scanning for api listing references
2021-12-01 21:01:26.855 [main] INFO  s.d.s.w.r.operation.CachingOperationNameGenerator - Generating unique operation named: deleteUsingGET_1
2021-12-01 21:01:26.895 [main] INFO  s.d.s.w.r.operation.CachingOperationNameGenerator - Generating unique operation named: selectOneUsingGET_1
2021-12-01 21:01:26.915 [main] INFO  s.d.s.w.r.operation.CachingOperationNameGenerator - Generating unique operation named: updateUsingPOST_1
2021-12-01 21:01:26.956 [main] INFO  s.d.s.w.r.operation.CachingOperationNameGenerator - Generating unique operation named: deleteUsingGET_2
2021-12-01 21:01:26.973 [main] INFO  s.d.s.w.r.operation.CachingOperationNameGenerator - Generating unique operation named: insertUsingPOST_1
2021-12-01 21:01:27.024 [main] INFO  s.d.s.w.r.operation.CachingOperationNameGenerator - Generating unique operation named: searchUsingGET_1
2021-12-01 21:01:27.044 [main] INFO  s.d.s.w.r.operation.CachingOperationNameGenerator - Generating unique operation named: selectOneUsingGET_2
2021-12-01 21:01:27.062 [main] INFO  s.d.s.w.r.operation.CachingOperationNameGenerator - Generating unique operation named: updateUsingPOST_2
2021-12-01 21:01:27.103 [main] INFO  s.d.s.w.r.operation.CachingOperationNameGenerator - Generating unique operation named: deleteUsingGET_3
2021-12-01 21:01:27.121 [main] INFO  s.d.s.w.r.operation.CachingOperationNameGenerator - Generating unique operation named: insertUsingPOST_2
2021-12-01 21:01:27.140 [main] INFO  s.d.s.w.r.operation.CachingOperationNameGenerator - Generating unique operation named: queryallUsingGET_1
2021-12-01 21:01:27.160 [main] INFO  s.d.s.w.r.operation.CachingOperationNameGenerator - Generating unique operation named: searchUsingGET_2
2021-12-01 21:01:27.176 [main] INFO  s.d.s.w.r.operation.CachingOperationNameGenerator - Generating unique operation named: selectOneUsingGET_3
2021-12-01 21:01:27.190 [main] INFO  s.d.s.w.r.operation.CachingOperationNameGenerator - Generating unique operation named: updateUsingPOST_3
2021-12-01 21:01:27.216 [main] INFO  com.aiblogserver.AiBlogServerApplication - Started AiBlogServerApplication in 4.437 seconds (JVM running for 5.291)
2021-12-01 21:01:35.749 [https-jsse-nio-8888-exec-9] INFO  o.a.c.core.ContainerBase.[Tomcat].[localhost].[/] - Initializing Spring DispatcherServlet 'dispatcherServlet'
2021-12-01 21:01:35.751 [https-jsse-nio-8888-exec-9] INFO  org.springframework.web.servlet.DispatcherServlet - Initializing Servlet 'dispatcherServlet'
2021-12-01 21:01:35.754 [https-jsse-nio-8888-exec-9] INFO  org.springframework.web.servlet.DispatcherServlet - Completed initialization in 3 ms
2021-12-01 21:01:35.785 [https-jsse-nio-8888-exec-9] INFO  com.aiblogserver.controller.AdminController - 访问 username = admin;password = admin
2021-12-01 21:01:35.823 [https-jsse-nio-8888-exec-9] INFO  com.alibaba.druid.pool.DruidDataSource - {dataSource-1} inited
2021-12-01 21:01:45.825 [https-jsse-nio-8888-exec-10] INFO  com.aiblogserver.controller.BlogController - 查询全部数据;pageNum = 1;pageSize = 9
2021-12-01 21:01:50.849 [https-jsse-nio-8888-exec-1] INFO  com.aiblogserver.controller.BlogController - 查询全部数据;pageNum = 2;pageSize = 9
2021-12-01 21:01:58.431 [SpringApplicationShutdownHook] INFO  com.alibaba.druid.pool.DruidDataSource - {dataSource-1} closed
